<?xml version="1.0" encoding="UTF-8"?>
<!-- Generated by org.testng.reporters.JUnitReportReporter -->
<testsuite hostname="DESKTOP-FJO6GNL" failures="0" tests="1" name="com.tayara.testcases.SearchResultPageTest" time="75.773" errors="0" timestamp="2024-03-02T09:34:52 CET" skipped="0">
  <testcase classname="com.tayara.testcases.SearchResultPageTest" name="productAvailabilityTest" time="75.773"/>
  <system-out/>
</testsuite> <!-- com.tayara.testcases.SearchResultPageTest -->
