<?xml version="1.0" encoding="UTF-8"?>
<!-- Generated by org.testng.reporters.JUnitReportReporter -->
<testsuite hostname="DESKTOP-FJO6GNL" failures="0" tests="1" name="com.tayara.testcases.AddToCartPageTest" time="76.985" errors="0" timestamp="2024-03-06T00:42:41 CET" skipped="0">
  <testcase classname="com.tayara.testcases.AddToCartPageTest" name="addToCartTest" time="76.985"/>
  <system-out/>
</testsuite> <!-- com.tayara.testcases.AddToCartPageTest -->
