<?xml version="1.0" encoding="UTF-8"?>
<!-- Generated by org.testng.reporters.JUnitReportReporter -->
<testsuite hostname="DESKTOP-FJO6GNL" failures="0" tests="1" name="com.tayara.testcases.LoginPageTest" time="49.278" errors="0" timestamp="2024-02-29T21:27:49 CET" skipped="0">
  <testcase classname="com.tayara.testcases.LoginPageTest" name="loginTest" time="49.278"/>
  <system-out/>
</testsuite> <!-- com.tayara.testcases.LoginPageTest -->
