<?xml version="1.0" encoding="UTF-8"?>
<!-- Generated by org.testng.reporters.JUnitReportReporter -->
<testsuite hostname="DESKTOP-FJO6GNL" failures="0" tests="1" name="com.tayara.testcases.IndexPageTest" time="107.313" errors="0" timestamp="2024-02-29T14:42:54 CET" skipped="0">
  <testcase classname="com.tayara.testcases.IndexPageTest" name="verifyLogo" time="107.313"/>
  <system-out/>
</testsuite> <!-- com.tayara.testcases.IndexPageTest -->
